<?xml version="1.0" encoding="utf-8"?><testsuites><testsuite name="pytest" errors="0" failures="1" skipped="4" tests="14" time="1.034" timestamp="2025-01-22T11:27:51.644351+01:00" hostname="OLI-OMEN"><testcase classname="bumpversion" name="FLAKE8" time="0.000"><skipped type="pytest.skip" message="file(s) previously passed FLAKE8 checks">/media/olivier/ssd1T/dev/kairntech/pyprocessors_xcago_reconciliation/.tox/report/lib/python3.8/site-packages/pytest_flake8.py:124: file(s) previously passed FLAKE8 checks</skipped></testcase><testcase classname="src.pyprocessors_xcago_reconciliation.__init__" name="FLAKE8" time="0.001"><skipped type="pytest.skip" message="file(s) previously passed FLAKE8 checks">/media/olivier/ssd1T/dev/kairntech/pyprocessors_xcago_reconciliation/.tox/report/lib/python3.8/site-packages/pytest_flake8.py:124: file(s) previously passed FLAKE8 checks</skipped></testcase><testcase classname="src.pyprocessors_xcago_reconciliation.xcago_reconciliation" name="FLAKE8" time="0.000"><skipped type="pytest.skip" message="file(s) previously passed FLAKE8 checks">/media/olivier/ssd1T/dev/kairntech/pyprocessors_xcago_reconciliation/.tox/report/lib/python3.8/site-packages/pytest_flake8.py:124: file(s) previously passed FLAKE8 checks</skipped></testcase><testcase classname="tests.__init__" name="FLAKE8" time="0.000"><skipped type="pytest.skip" message="file(s) previously passed FLAKE8 checks">/media/olivier/ssd1T/dev/kairntech/pyprocessors_xcago_reconciliation/.tox/report/lib/python3.8/site-packages/pytest_flake8.py:124: file(s) previously passed FLAKE8 checks</skipped></testcase><testcase classname="tests.test_xcago_reconciliation" name="FLAKE8" time="0.208"><failure message="/media/olivier/ssd1T/dev/kairntech/pyprocessors_xcago_reconciliation/tests/test_xcago_reconciliation.py:353:26: E225 missing whitespace around operator&#10;">/media/olivier/ssd1T/dev/kairntech/pyprocessors_xcago_reconciliation/tests/test_xcago_reconciliation.py:353:26: E225 missing whitespace around operator
</failure></testcase><testcase classname="tests.test_xcago_reconciliation" name="test_model" time="0.001" /><testcase classname="tests.test_xcago_reconciliation" name="test_xcago_reconciliation_whitelist" time="0.008" /><testcase classname="tests.test_xcago_reconciliation" name="test_x_cago_en" time="0.020" /><testcase classname="tests.test_xcago_reconciliation" name="test_x_cago_de" time="0.165" /><testcase classname="tests.test_xcago_reconciliation" name="test_SHERPA_2463" time="0.009" /><testcase classname="tests.test_xcago_reconciliation" name="test_SHERPA_XXX1" time="0.008" /><testcase classname="tests.test_xcago_reconciliation" name="test_SHERPA_XXX2" time="0.018" /><testcase classname="tests.test_xcago_reconciliation" name="test_SHERPA_XXX3" time="0.096" /><testcase classname="tests.test_xcago_reconciliation" name="test_SHERPA_XXX4" time="0.223" /></testsuite></testsuites>